<?xml version="1.0" encoding="UTF-8"?>
<!-- Generated by org.testng.reporters.JUnitReportReporter -->
<testsuite hostname="BUSH07" failures="0" tests="1" name="test.AddCustomerTest" time="17.060" errors="0" timestamp="2024-08-08T22:00:34 CDT" skipped="0">
  <testcase classname="test.AddCustomerTest" name="userShouldBeAbleToAddCustomer" time="17.060"/>
  <system-out/>
</testsuite> <!-- test.AddCustomerTest -->
