<?xml version="1.0" encoding="UTF-8"?>
<!-- Generated by org.testng.reporters.JUnitReportReporter -->
<testsuite hostname="BUSH07" failures="0" tests="1" name="test.LoginTest" time="13.250" errors="0" timestamp="2024-08-08T13:08:09 CDT" skipped="0">
  <testcase classname="test.LoginTest" name="validUserShouldBeAbleToLogin" time="13.250"/>
  <system-out/>
</testsuite> <!-- test.LoginTest -->
